<?xml version="1.0" encoding="UTF-8"?>
<!-- Generated by org.testng.reporters.JUnitReportReporter -->
<testsuite hostname="Jyotis-MacBook-Air.local" failures="0" tests="7" name="com.tutorialsninja.qa.testcases.LoginTest" time="19.993" errors="0" timestamp="2025-03-13T08:03:46 IST" skipped="0">
  <testcase classname="com.tutorialsninja.qa.testcases.LoginTest" name="verifyLoginWithValidCredentials" time="2.840"/>
  <testcase classname="com.tutorialsninja.qa.testcases.LoginTest" name="verifyLoginWithValidCredentials" time="2.887"/>
  <testcase classname="com.tutorialsninja.qa.testcases.LoginTest" name="verifyLoginWithValidCredentials" time="2.988"/>
  <testcase classname="com.tutorialsninja.qa.testcases.LoginTest" name="verifyLoginInvalidCredentials" time="2.804"/>
  <testcase classname="com.tutorialsninja.qa.testcases.LoginTest" name="verifyWithInalidEmailAndValidPassword" time="2.830"/>
  <testcase classname="com.tutorialsninja.qa.testcases.LoginTest" name="verifyWithValidEMailAndInvalidPassword" time="2.817"/>
  <testcase classname="com.tutorialsninja.qa.testcases.LoginTest" name="verifyWithoutProvidingCredentials" time="2.827"/>
</testsuite> <!-- com.tutorialsninja.qa.testcases.LoginTest -->
