<?xml version="1.0" encoding="UTF-8"?>
<!-- Generated by org.testng.reporters.JUnitReportReporter -->
<testsuite hostname="Jyotis-MacBook-Air.local" failures="0" tests="1" name="com.tutorialsninja.qa.testcases.RegisterTest" time="20.791" errors="0" timestamp="2025-03-12T19:18:39 IST" skipped="0">
  <testcase classname="com.tutorialsninja.qa.testcases.RegisterTest" name="verifyRegisteringAnAccountWithManadateFields" time="20.791"/>
</testsuite> <!-- com.tutorialsninja.qa.testcases.RegisterTest -->
